<?xml version="1.0" encoding="UTF-8"?>
<!-- Generated by org.testng.reporters.JUnitXMLReporter -->
<testsuite hostname="DESKTOP-IT57UB9" ignored="0" name="Default test" tests="3" failures="0" timestamp="27 Sep 2018 11:43:03 GMT" time="145.069" errors="0">
  <testcase name="facebook" time="69.058" classname="facebooklogin.NewTest"/>
  <testcase name="gmail" time="56.051" classname="facebooklogin.NewTest"/>
  <testcase name="yahoo" time="12.95" classname="facebooklogin.NewTest"/>
</testsuite> <!-- Default test -->
