<?xml version="1.0" encoding="UTF-8"?>
<!-- Generated by org.testng.reporters.JUnitXMLReporter -->
<testsuite hostname="DESKTOP-IT57UB9" ignored="0" name="Test" tests="3" failures="3" timestamp="27 Sep 2018 11:28:40 GMT" time="12.092" errors="0">
  <testcase name="@AfterTest afterTest" time="0.0" classname="facebooklogin.NewTest">
    <failure type="java.lang.NullPointerException">
      <![CDATA[java.lang.NullPointerException
at facebooklogin.NewTest.afterTest(NewTest.java:70)
... Removed 24 stack frames]]>
    </failure>
  </testcase> <!-- @AfterTest afterTest -->
  <testcase name="facebook" time="0.006" classname="facebooklogin.NewTest">
    <failure type="java.lang.NullPointerException">
      <![CDATA[java.lang.NullPointerException
at facebooklogin.NewTest.facebook(NewTest.java:36)
... Removed 25 stack frames]]>
    </failure>
  </testcase> <!-- facebook -->
  <testcase name="gmail" time="0.009" classname="facebooklogin.NewTest">
    <failure type="java.lang.NullPointerException">
      <![CDATA[java.lang.NullPointerException
at facebooklogin.NewTest.gmail(NewTest.java:20)
... Removed 25 stack frames]]>
    </failure>
  </testcase> <!-- gmail -->
  <testcase name="yahoo" time="0.012" classname="facebooklogin.NewTest">
    <failure type="java.lang.NullPointerException">
      <![CDATA[java.lang.NullPointerException
at facebooklogin.NewTest.yahoo(NewTest.java:28)
... Removed 25 stack frames]]>
    </failure>
  </testcase> <!-- yahoo -->
</testsuite> <!-- Test -->
